# Brightness temperatures of input model vla_saturn.inp - model 0
# Freq (GHz)      0.00     15.00     30.00     45.00     60.00     75.00
        2.10    224.18    222.86    218.82    211.74    200.82    183.92
        4.10    183.24    182.49    180.21    176.28    170.46    162.03
       10.00    155.32    155.08    154.33    153.02    150.97    147.44
       15.00    146.95    146.77    146.21    145.18    143.46    140.28
       22.00    134.86    134.69    134.17    133.21    131.61    128.67
       44.20    148.89    148.71    148.13    147.06    145.27    141.95
# Brightness temperatures of input model vla_saturn.inp - model 1
# Freq (GHz)      0.00     15.00     30.00     45.00     60.00     75.00
        2.10    224.18    222.86    218.82    211.74    200.82    183.92
        4.10    183.24    182.49    180.21    176.28    170.46    162.03
       10.00    155.32    155.08    154.33    153.02    150.97    147.44
       15.00    146.95    146.77    146.21    145.18    143.46    140.28
       22.00    134.86    134.69    134.17    133.21    131.61    128.67
       44.20    148.89    148.71    148.13    147.06    145.27    141.95
# Brightness temperatures of input model vla_saturn.inp - model 2
# Freq (GHz)      0.00     15.00     30.00     45.00     60.00     75.00
        2.10    224.18    222.86    218.82    211.74    200.82    183.92
        4.10    183.24    182.49    180.21    176.28    170.46    162.03
       10.00    155.32    155.08    154.33    153.02    150.97    147.44
       15.00    146.95    146.77    146.21    145.18    143.46    140.28
       22.00    134.86    134.69    134.17    133.21    131.61    128.67
       44.20    148.89    148.71    148.13    147.06    145.27    141.95
# Brightness temperatures of input model vla_saturn.inp - model 3
# Freq (GHz)      0.00     15.00     30.00     45.00     60.00     75.00
        2.10    224.18    222.86    218.82    211.74    200.82    183.92
        4.10    183.24    182.49    180.21    176.28    170.46    162.03
       10.00    155.32    155.08    154.33    153.02    150.97    147.44
       15.00    146.95    146.77    146.21    145.18    143.46    140.28
       22.00    134.86    134.69    134.17    133.21    131.61    128.67
       44.20    148.89    148.71    148.13    147.06    145.27    141.95
